# JRE version: Java(TM) SE Runtime Environment (17.0.6+9) (build 17.0.6+9-LTS-190)
# Java VM: Java HotSpot(TM) 64-Bit Server VM (17.0.6+9-LTS-190, mixed mode, sharing, tiered, compressed oops, compressed class ptrs, g1 gc, windows-amd64)
GC Precious Log:
 CPUs: 12 total, 12 available
 Memory: 16239M
 Large Page Support: Disabled
 NUMA Support: Disabled
 Compressed Oops: Enabled (Zero based)
 Heap Region Size: 2M
 Heap Min Capacity: 8M
 Heap Initial Capacity: 254M
 Heap Max Capacity: 4060M
 Pre-touch: Disabled
 Parallel Workers: 10
 Concurrent Workers: 3
 Concurrent Refinement Workers: 10
 Periodic GC: Disabled
Heap:
 garbage-first heap   total 274432K, used 151322K [0x0000000702400000, 0x0000000800000000)
  region size 2048K, 16 young (32768K), 7 survivors (14336K)
 Metaspace       used 36180K, committed 36608K, reserved 1089536K
  class space    used 4047K, committed 4224K, reserved 1048576K
GC Heap History (20 events):
Event: 6.999 GC heap before
{Heap before GC invocations=9 (full 0):
 garbage-first heap   total 184320K, used 123408K [0x0000000702400000, 0x0000000800000000)
  region size 2048K, 32 young (65536K), 6 survivors (12288K)
 Metaspace       used 29894K, committed 30272K, reserved 1081344K
  class space    used 3377K, committed 3520K, reserved 1048576K
}
Event: 7.009 GC heap after
{Heap after GC invocations=10 (full 0):
 garbage-first heap   total 184320K, used 81920K [0x0000000702400000, 0x0000000800000000)
  region size 2048K, 4 young (8192K), 4 survivors (8192K)
 Metaspace       used 29894K, committed 30272K, reserved 1081344K
  class space    used 3377K, committed 3520K, reserved 1048576K
}
Event: 7.753 GC heap before
{Heap before GC invocations=10 (full 0):
 garbage-first heap   total 184320K, used 131072K [0x0000000702400000, 0x0000000800000000)
  region size 2048K, 28 young (57344K), 4 survivors (8192K)
 Metaspace       used 31805K, committed 32128K, reserved 1081344K
  class space    used 3578K, committed 3712K, reserved 1048576K
}
Event: 7.759 GC heap after
{Heap after GC invocations=11 (full 0):
 garbage-first heap   total 184320K, used 86009K [0x0000000702400000, 0x0000000800000000)
  region size 2048K, 1 young (2048K), 1 survivors (2048K)
 Metaspace       used 31805K, committed 32128K, reserved 1081344K
  class space    used 3578K, committed 3712K, reserved 1048576K
}
Event: 8.084 GC heap before
{Heap before GC invocations=11 (full 0):
 garbage-first heap   total 184320K, used 133113K [0x0000000702400000, 0x0000000800000000)
  region size 2048K, 25 young (51200K), 1 survivors (2048K)
 Metaspace       used 32392K, committed 32704K, reserved 1081344K
  class space    used 3633K, committed 3776K, reserved 1048576K
}
Event: 8.087 GC heap after
{Heap after GC invocations=12 (full 0):
 garbage-first heap   total 184320K, used 86210K [0x0000000702400000, 0x0000000800000000)
  region size 2048K, 1 young (2048K), 1 survivors (2048K)
 Metaspace       used 32392K, committed 32704K, reserved 1081344K
  class space    used 3633K, committed 3776K, reserved 1048576K
}
Event: 8.479 GC heap before
{Heap before GC invocations=13 (full 0):
 garbage-first heap   total 184320K, used 139458K [0x0000000702400000, 0x0000000800000000)
  region size 2048K, 27 young (55296K), 1 survivors (2048K)
 Metaspace       used 33223K, committed 33600K, reserved 1081344K
  class space    used 3731K, committed 3904K, reserved 1048576K
}
Event: 8.483 GC heap after
{Heap after GC invocations=14 (full 0):
 garbage-first heap   total 184320K, used 87723K [0x0000000702400000, 0x0000000800000000)
  region size 2048K, 2 young (4096K), 2 survivors (4096K)
 Metaspace       used 33223K, committed 33600K, reserved 1081344K
  class space    used 3731K, committed 3904K, reserved 1048576K
}
Event: 8.579 GC heap before
{Heap before GC invocations=14 (full 0):
 garbage-first heap   total 184320K, used 91819K [0x0000000702400000, 0x0000000800000000)
  region size 2048K, 4 young (8192K), 2 survivors (4096K)
 Metaspace       used 33620K, committed 34048K, reserved 1081344K
  class space    used 3790K, committed 3968K, reserved 1048576K
}
Event: 8.583 GC heap after
{Heap after GC invocations=15 (full 0):
 garbage-first heap   total 221184K, used 87681K [0x0000000702400000, 0x0000000800000000)
  region size 2048K, 1 young (2048K), 1 survivors (2048K)
 Metaspace       used 33620K, committed 34048K, reserved 1081344K
  class space    used 3790K, committed 3968K, reserved 1048576K
}
Event: 9.685 GC heap before
{Heap before GC invocations=15 (full 0):
 garbage-first heap   total 221184K, used 167553K [0x0000000702400000, 0x0000000800000000)
  region size 2048K, 38 young (77824K), 1 survivors (2048K)
 Metaspace       used 34423K, committed 34816K, reserved 1081344K
  class space    used 3858K, committed 4032K, reserved 1048576K
}
Event: 9.691 GC heap after
{Heap after GC invocations=16 (full 0):
 garbage-first heap   total 221184K, used 101533K [0x0000000702400000, 0x0000000800000000)
  region size 2048K, 4 young (8192K), 4 survivors (8192K)
 Metaspace       used 34423K, committed 34816K, reserved 1081344K
  class space    used 3858K, committed 4032K, reserved 1048576K
}
Event: 9.693 GC heap before
{Heap before GC invocations=16 (full 0):
 garbage-first heap   total 221184K, used 113821K [0x0000000702400000, 0x0000000800000000)
  region size 2048K, 5 young (10240K), 4 survivors (8192K)
 Metaspace       used 34423K, committed 34816K, reserved 1081344K
  class space    used 3858K, committed 4032K, reserved 1048576K
}
Event: 9.697 GC heap after
{Heap after GC invocations=17 (full 0):
 garbage-first heap   total 221184K, used 113963K [0x0000000702400000, 0x0000000800000000)
  region size 2048K, 1 young (2048K), 1 survivors (2048K)
 Metaspace       used 34423K, committed 34816K, reserved 1081344K
  class space    used 3858K, committed 4032K, reserved 1048576K
}
Event: 10.534 GC heap before
{Heap before GC invocations=18 (full 0):
 garbage-first heap   total 274432K, used 263467K [0x0000000702400000, 0x0000000800000000)
  region size 2048K, 21 young (43008K), 1 survivors (2048K)
 Metaspace       used 34482K, committed 34880K, reserved 1081344K
  class space    used 3858K, committed 4032K, reserved 1048576K
}
Event: 10.536 GC heap after
{Heap after GC invocations=19 (full 0):
 garbage-first heap   total 274432K, used 115496K [0x0000000702400000, 0x0000000800000000)
  region size 2048K, 1 young (2048K), 1 survivors (2048K)
 Metaspace       used 34482K, committed 34880K, reserved 1081344K
  class space    used 3858K, committed 4032K, reserved 1048576K
}
Event: 10.657 GC heap before
{Heap before GC invocations=19 (full 0):
 garbage-first heap   total 274432K, used 123688K [0x0000000702400000, 0x0000000800000000)
  region size 2048K, 6 young (12288K), 1 survivors (2048K)
 Metaspace       used 34495K, committed 34880K, reserved 1081344K
  class space    used 3859K, committed 4032K, reserved 1048576K
}
Event: 10.660 GC heap after
{Heap after GC invocations=20 (full 0):
 garbage-first heap   total 274432K, used 103574K [0x0000000702400000, 0x0000000800000000)
  region size 2048K, 1 young (2048K), 1 survivors (2048K)
 Metaspace       used 34495K, committed 34880K, reserved 1081344K
  class space    used 3859K, committed 4032K, reserved 1048576K
}
Event: 12.138 GC heap before
{Heap before GC invocations=20 (full 0):
 garbage-first heap   total 274432K, used 214166K [0x0000000702400000, 0x0000000800000000)
  region size 2048K, 56 young (114688K), 1 survivors (2048K)
 Metaspace       used 35707K, committed 36096K, reserved 1081344K
  class space    used 3996K, committed 4160K, reserved 1048576K
}
Event: 12.146 GC heap after
{Heap after GC invocations=21 (full 0):
 garbage-first heap   total 274432K, used 134938K [0x0000000702400000, 0x0000000800000000)
  region size 2048K, 7 young (14336K), 7 survivors (14336K)
 Metaspace       used 35707K, committed 36096K, reserved 1081344K
  class space    used 3996K, committed 4160K, reserved 1048576K
}

