# JRE version: Java(TM) SE Runtime Environment (17.0.6+9) (build 17.0.6+9-LTS-190)
# Java VM: Java HotSpot(TM) 64-Bit Server VM (17.0.6+9-LTS-190, mixed mode, sharing, tiered, compressed oops, compressed class ptrs, g1 gc, windows-amd64)
GC Precious Log:
 CPUs: 12 total, 12 available
 Memory: 16239M
 Large Page Support: Disabled
 NUMA Support: Disabled
 Compressed Oops: Enabled (Zero based)
 Heap Region Size: 2M
 Heap Min Capacity: 8M
 Heap Initial Capacity: 254M
 Heap Max Capacity: 4060M
 Pre-touch: Disabled
 Parallel Workers: 10
 Concurrent Workers: 3
 Concurrent Refinement Workers: 10
 Periodic GC: Disabled
Heap:
 garbage-first heap   total 260096K, used 107552K [0x0000000702400000, 0x0000000800000000)
  region size 2048K, 1 young (2048K), 1 survivors (2048K)
 Metaspace       used 33841K, committed 34176K, reserved 1081344K
  class space    used 3787K, committed 3904K, reserved 1048576K
GC Heap History (20 events):
Event: 8.003 GC heap after
{Heap after GC invocations=15 (full 0):
 garbage-first heap   total 245760K, used 93538K [0x0000000702400000, 0x0000000800000000)
  region size 2048K, 7 young (14336K), 7 survivors (14336K)
 Metaspace       used 32610K, committed 32960K, reserved 1081344K
  class space    used 3756K, committed 3904K, reserved 1048576K
}
Event: 8.903 GC heap before
{Heap before GC invocations=15 (full 0):
 garbage-first heap   total 245760K, used 171362K [0x0000000702400000, 0x0000000800000000)
  region size 2048K, 46 young (94208K), 7 survivors (14336K)
 Metaspace       used 34365K, committed 34752K, reserved 1081344K
  class space    used 3935K, committed 4096K, reserved 1048576K
}
Event: 8.907 GC heap after
{Heap after GC invocations=16 (full 0):
 garbage-first heap   total 245760K, used 88739K [0x0000000702400000, 0x0000000800000000)
  region size 2048K, 2 young (4096K), 2 survivors (4096K)
 Metaspace       used 34365K, committed 34752K, reserved 1081344K
  class space    used 3935K, committed 4096K, reserved 1048576K
}
Event: 9.316 GC heap before
{Heap before GC invocations=16 (full 0):
 garbage-first heap   total 245760K, used 146083K [0x0000000702400000, 0x0000000800000000)
  region size 2048K, 21 young (43008K), 2 survivors (4096K)
 Metaspace       used 34550K, committed 34944K, reserved 1081344K
  class space    used 3948K, committed 4096K, reserved 1048576K
}
Event: 9.320 GC heap after
{Heap after GC invocations=17 (full 0):
 garbage-first heap   total 245760K, used 112227K [0x0000000702400000, 0x0000000800000000)
  region size 2048K, 4 young (8192K), 4 survivors (8192K)
 Metaspace       used 34550K, committed 34944K, reserved 1081344K
  class space    used 3948K, committed 4096K, reserved 1048576K
}
Event: 9.329 GC heap before
{Heap before GC invocations=17 (full 0):
 garbage-first heap   total 245760K, used 124515K [0x0000000702400000, 0x0000000800000000)
  region size 2048K, 5 young (10240K), 4 survivors (8192K)
 Metaspace       used 34573K, committed 34944K, reserved 1081344K
  class space    used 3950K, committed 4096K, reserved 1048576K
}
Event: 9.332 GC heap after
{Heap after GC invocations=18 (full 0):
 garbage-first heap   total 245760K, used 92083K [0x0000000702400000, 0x0000000800000000)
  region size 2048K, 3 young (6144K), 3 survivors (6144K)
 Metaspace       used 34573K, committed 34944K, reserved 1081344K
  class space    used 3950K, committed 4096K, reserved 1048576K
}
Event: 9.334 GC heap before
{Heap before GC invocations=18 (full 0):
 garbage-first heap   total 245760K, used 112563K [0x0000000702400000, 0x0000000800000000)
  region size 2048K, 4 young (8192K), 3 survivors (6144K)
 Metaspace       used 34573K, committed 34944K, reserved 1081344K
  class space    used 3950K, committed 4096K, reserved 1048576K
}
Event: 9.337 GC heap after
{Heap after GC invocations=19 (full 0):
 garbage-first heap   total 245760K, used 112466K [0x0000000702400000, 0x0000000800000000)
  region size 2048K, 3 young (6144K), 3 survivors (6144K)
 Metaspace       used 34573K, committed 34944K, reserved 1081344K
  class space    used 3950K, committed 4096K, reserved 1048576K
}
Event: 10.378 GC heap before
{Heap before GC invocations=19 (full 0):
 garbage-first heap   total 245760K, used 206674K [0x0000000702400000, 0x0000000800000000)
  region size 2048K, 43 young (88064K), 3 survivors (6144K)
 Metaspace       used 34832K, committed 35200K, reserved 1081344K
  class space    used 3952K, committed 4096K, reserved 1048576K
}
Event: 10.387 GC heap after
{Heap after GC invocations=20 (full 0):
 garbage-first heap   total 245760K, used 121534K [0x0000000702400000, 0x0000000800000000)
  region size 2048K, 6 young (12288K), 6 survivors (12288K)
 Metaspace       used 34832K, committed 35200K, reserved 1081344K
  class space    used 3952K, committed 4096K, reserved 1048576K
}
Event: 10.679 GC heap before
{Heap before GC invocations=20 (full 0):
 garbage-first heap   total 245760K, used 152254K [0x0000000702400000, 0x0000000800000000)
  region size 2048K, 22 young (45056K), 6 survivors (12288K)
 Metaspace       used 34899K, committed 35264K, reserved 1081344K
  class space    used 3954K, committed 4096K, reserved 1048576K
}
Event: 10.686 GC heap after
{Heap after GC invocations=21 (full 0):
 garbage-first heap   total 245760K, used 130953K [0x0000000702400000, 0x0000000800000000)
  region size 2048K, 4 young (8192K), 4 survivors (8192K)
 Metaspace       used 34899K, committed 35264K, reserved 1081344K
  class space    used 3954K, committed 4096K, reserved 1048576K
}
Event: 11.385 GC heap before
{Heap before GC invocations=22 (full 0):
 garbage-first heap   total 245760K, used 182153K [0x0000000702400000, 0x0000000800000000)
  region size 2048K, 30 young (61440K), 4 survivors (8192K)
 Metaspace       used 33309K, committed 33728K, reserved 1081344K
  class space    used 3740K, committed 3904K, reserved 1048576K
}
Event: 11.391 GC heap after
{Heap after GC invocations=23 (full 0):
 garbage-first heap   total 245760K, used 133638K [0x0000000702400000, 0x0000000800000000)
  region size 2048K, 2 young (4096K), 2 survivors (4096K)
 Metaspace       used 33309K, committed 33728K, reserved 1081344K
  class space    used 3740K, committed 3904K, reserved 1048576K
}
Event: 11.438 GC heap before
{Heap before GC invocations=23 (full 0):
 garbage-first heap   total 245760K, used 139782K [0x0000000702400000, 0x0000000800000000)
  region size 2048K, 6 young (12288K), 2 survivors (4096K)
 Metaspace       used 33371K, committed 33728K, reserved 1081344K
  class space    used 3746K, committed 3904K, reserved 1048576K
}
Event: 11.442 GC heap after
{Heap after GC invocations=24 (full 0):
 garbage-first heap   total 245760K, used 111953K [0x0000000702400000, 0x0000000800000000)
  region size 2048K, 1 young (2048K), 1 survivors (2048K)
 Metaspace       used 33371K, committed 33728K, reserved 1081344K
  class space    used 3746K, committed 3904K, reserved 1048576K
}
Event: 11.515 GC heap before
{Heap before GC invocations=24 (full 0):
 garbage-first heap   total 245760K, used 122193K [0x0000000702400000, 0x0000000800000000)
  region size 2048K, 6 young (12288K), 1 survivors (2048K)
 Metaspace       used 33610K, committed 33920K, reserved 1081344K
  class space    used 3781K, committed 3904K, reserved 1048576K
}
Event: 11.518 GC heap after
{Heap after GC invocations=25 (full 0):
 garbage-first heap   total 245760K, used 106612K [0x0000000702400000, 0x0000000800000000)
  region size 2048K, 1 young (2048K), 1 survivors (2048K)
 Metaspace       used 33610K, committed 33920K, reserved 1081344K
  class space    used 3781K, committed 3904K, reserved 1048576K
}
Event: 11.852 GC heap before
{Heap before GC invocations=25 (full 0):
 garbage-first heap   total 245760K, used 180340K [0x0000000702400000, 0x0000000800000000)
  region size 2048K, 37 young (75776K), 1 survivors (2048K)
 Metaspace       used 33841K, committed 34176K, reserved 1081344K
  class space    used 3787K, committed 3904K, reserved 1048576K
}

